<?xml version="1.0" encoding="utf-8"?><testsuites name="pytest tests"><testsuite name="pytest" errors="0" failures="0" skipped="0" tests="0" time="0.048" timestamp="2025-08-04T22:52:57.369740+02:00" hostname="DESKTOP-B8FNHS4" /></testsuites>